<?xml version="1.0" encoding="UTF-8"?>
<!-- Generated by org.testng.reporters.JUnitReportReporter -->
<testsuite skipped="0" hostname="sg-PC" name="appium_testsuites.GoogleCalculatorTest" tests="1" failures="0" timestamp="22 Apr 2019 15:35:21 GMT" time="63.397" errors="0">
  <testcase name="addition_test01" time="63.397" classname="appium_testsuites.GoogleCalculatorTest"/>
</testsuite> <!-- appium_testsuites.GoogleCalculatorTest -->
