<?xml version="1.0" encoding="UTF-8"?>
<!-- Generated by org.testng.reporters.JUnitReportReporter -->
<testsuite skipped="0" hostname="sg-PC" name="selenium_testsuites.TestLogin" tests="1" failures="0" timestamp="22 Apr 2019 15:35:21 GMT" time="11.910" errors="0">
  <testcase name="LoginToMainMenu_Test01" time="11.910" classname="selenium_testsuites.TestLogin"/>
</testsuite> <!-- selenium_testsuites.TestLogin -->
