<?xml version="1.0" encoding="UTF-8"?>
<!-- Generated by org.testng.reporters.JUnitReportReporter -->
<testsuite skipped="0" hostname="sg-PC" name="api_testsuites.Requests" tests="1" failures="0" timestamp="22 Apr 2019 15:35:21 GMT" time="0.726" errors="0">
  <testcase name="SearchCarer_ApiTest01" time="0.726" classname="api_testsuites.Requests"/>
</testsuite> <!-- api_testsuites.Requests -->
