<?xml version="1.0" encoding="UTF-8"?>
<!-- Generated by org.testng.reporters.JUnitReportReporter -->
<testsuite name="testsuites.TestCarersProfiles" tests="1" time="0.002" ignored="0" failures="0" timestamp="17 Apr 2019 19:38:00 GMT" skipped="0" hostname="sg-PC" errors="0">
  <testcase name="SearchCarerByNameTestcase" time="0.002" classname="testsuites.TestCarersProfiles"/>
</testsuite> <!-- testsuites.TestCarersProfiles -->
